{
  "RSpec": {
    "coverage": {
      "/Users/justin/Documents/play/firehawq/board.rb": [
        1,
        1,
        13,
        null,
        null,
        1,
        216,
        1,
        null,
        null,
        215,
        null,
        null,
        1,
        6,
        2,
        null,
        null,
        4,
        4,
        1,
        null,
        null,
        3,
        null,
        null,
        1,
        3,
        1,
        null,
        null,
        2,
        2,
        1,
        null,
        null,
        null,
        1,
        14,
        null,
        null,
        null,
        null,
        null,
        null,
        null,
        null,
        null,
        null,
        null,
        null,
        null,
        null,
        null,
        null,
        null,
        null,
        null,
        null,
        null,
        null,
        null,
        null,
        null,
        null,
        null,
        null,
        null,
        null,
        null,
        null,
        null,
        null,
        null,
        null,
        1,
        298,
        null,
        null,
        null
      ],
      "/Users/justin/Documents/play/firehawq/piece.rb": [
        1,
        1,
        null,
        1,
        458,
        1,
        null,
        null,
        457,
        null,
        null,
        1,
        79,
        null,
        null,
        1,
        65,
        null,
        null,
        null
      ],
      "/Users/justin/Documents/play/firehawq/piece/bishop.rb": [
        1,
        null
      ],
      "/Users/justin/Documents/play/firehawq/piece/king.rb": [
        1,
        null
      ],
      "/Users/justin/Documents/play/firehawq/piece/knight.rb": [
        1,
        null
      ],
      "/Users/justin/Documents/play/firehawq/piece/pawn.rb": [
        1,
        null
      ],
      "/Users/justin/Documents/play/firehawq/piece/queen.rb": [
        1,
        null
      ],
      "/Users/justin/Documents/play/firehawq/piece/rook.rb": [
        1,
        null
      ],
      "/Users/justin/Documents/play/firehawq/spec/piece_spec.rb": [
        1,
        null,
        1,
        1,
        1,
        1,
        1,
        null,
        1,
        1,
        null,
        null,
        1,
        1,
        1,
        null,
        null,
        null,
        null,
        1,
        1,
        1,
        null,
        1,
        6,
        6,
        null,
        null,
        null,
        null,
        1,
        1,
        1,
        null,
        null,
        1,
        1,
        null,
        null,
        null,
        null
      ]
    },
    "timestamp": 1348282948
  }
}
